<?xml version="1.0" encoding="UTF-8"?>
<!-- Generated by org.testng.reporters.JUnitXMLReporter -->
<testsuite ignored="0" hostname="LAPTOP-9VO5UI1Q" failures="0" tests="3" name="Default test" time="8.883" errors="0" timestamp="2025-01-06T14:17:19 IST">
  <testcase classname="Auto1.HandlingUploadFiles" name="getTitleOfFiles" time="0.042"/>
  <testcase classname="Auto1.HandlingUploadFiles" name="inputHandles" time="0.145"/>
  <testcase classname="Auto1.HandlingUploadFiles" name="buttonsHandles" time="0.22"/>
</testsuite> <!-- Default test -->
