<?xml version="1.0" encoding="UTF-8"?>
<!-- Generated by org.testng.reporters.JUnitXMLReporter -->
<testsuite ignored="0" hostname="LAPTOP-9VO5UI1Q" failures="0" tests="4" name="Default test" time="14.872" errors="0" timestamp="2025-01-13T14:02:13 IST">
  <testcase classname="Auto1.HandlingTabsandDynamicButton" name="handleTab" time="0.507"/>
  <testcase classname="Auto1.HandlingTabsandDynamicButton" name="accessToSearchResults" time="4.623"/>
  <testcase classname="Auto1.HandlingTabsandDynamicButton" name="handlingMore" time="1.59"/>
  <testcase classname="Auto1.HandlingTabsandDynamicButton" name="handleDynamicBtn" time="0.565"/>
</testsuite> <!-- Default test -->
