<?xml version="1.0" encoding="UTF-8"?>
<!-- Generated by org.testng.reporters.JUnitXMLReporter -->
<testsuite ignored="0" hostname="LAPTOP-9VO5UI1Q" failures="0" tests="20" name="Parallel Tests" time="27.314" errors="0" timestamp="2025-01-29T10:32:46 IST">
  <testcase classname="Auto1.HandlingUploadFiles" name="getTitleOfFiles" time="0.1"/>
  <testcase classname="Auto1.HandlingUploadFiles" name="inputHandles" time="0.668"/>
  <testcase classname="Auto1.HandlingWebTables" name="handleStaticWebTable" time="2.572"/>
  <testcase classname="Auto1.HandlingWebTables" name="totalPriceofBooks" time="0.292"/>
  <testcase classname="Auto1.HandlingUploadFiles" name="buttonsHandles" time="1.731"/>
  <testcase classname="Auto1.HandleFormSection2" name="getDymanicData" time="0.3"/>
  <testcase classname="Auto1.HandlingGUIElements" name="inputNameHandling" time="0.809"/>
  <testcase classname="Auto1.HandlingGUIElements" name="inputEmailHandling" time="0.598"/>
  <testcase classname="Auto1.HandlingGUIElements" name="inputPhoneHandling" time="0.612"/>
  <testcase classname="Auto1.HandlingGUIElements" name="inputTextHandling" time="0.442"/>
  <testcase classname="Auto1.HandlingGUIElements" name="checkBoxMale" time="0.356"/>
  <testcase classname="Auto1.HandlingGUIElements" name="days" time="0.216"/>
  <testcase classname="Auto1.HandlingGUIElements" name="boxSelected" time="0.889"/>
  <testcase classname="Auto1.HandlingGUIElements" name="countrySelected" time="0.764"/>
  <testcase classname="Auto1.HandlingGUIElements" name="colorSelected" time="0.425"/>
  <testcase classname="Auto1.HandlingGUIElements" name="sortedList" time="0.31"/>
  <testcase classname="Auto1.HandlingGUIElements" name="datePicker" time="0.468"/>
  <testcase classname="Auto1.HandlingGUIElements" name="datePicker2" time="0.473"/>
  <testcase classname="Auto1.HandlingGUIElements" name="datePicker3" time="0.415"/>
  <testcase classname="Auto1.HandlingGUIElements" name="subscribeToLink" time="0.383"/>
</testsuite> <!-- Parallel Tests -->
