<?xml version="1.0" encoding="UTF-8"?>
<!-- Generated by org.testng.reporters.JUnitXMLReporter -->
<testsuite ignored="0" hostname="LAPTOP-9VO5UI1Q" failures="0" tests="20" name="Parallel Tests1" time="22.214" errors="0" timestamp="2025-01-29T10:49:37 IST">
  <testcase classname="Auto1.HandleFormSection2" name="getDymanicData" time="0.377"/>
  <testcase classname="Auto1.HandlingUploadFiles" name="getTitleOfFiles" time="0.435"/>
  <testcase classname="Auto1.HandlingUploadFiles" name="inputHandles" time="0.438"/>
  <testcase classname="Auto1.HandlingUploadFiles" name="buttonsHandles" time="1.486"/>
  <testcase classname="Auto1.HandlingWebTables" name="handleStaticWebTable" time="1.408"/>
  <testcase classname="Auto1.HandlingWebTables" name="totalPriceofBooks" time="0.306"/>
  <testcase classname="Auto1.HandlingGUIElements" name="inputNameHandling" time="0.689"/>
  <testcase classname="Auto1.HandlingGUIElements" name="inputEmailHandling" time="0.447"/>
  <testcase classname="Auto1.HandlingGUIElements" name="inputPhoneHandling" time="0.371"/>
  <testcase classname="Auto1.HandlingGUIElements" name="inputTextHandling" time="0.47"/>
  <testcase classname="Auto1.HandlingGUIElements" name="checkBoxMale" time="0.33"/>
  <testcase classname="Auto1.HandlingGUIElements" name="days" time="0.237"/>
  <testcase classname="Auto1.HandlingGUIElements" name="boxSelected" time="1.004"/>
  <testcase classname="Auto1.HandlingGUIElements" name="countrySelected" time="0.559"/>
  <testcase classname="Auto1.HandlingGUIElements" name="colorSelected" time="0.335"/>
  <testcase classname="Auto1.HandlingGUIElements" name="sortedList" time="0.335"/>
  <testcase classname="Auto1.HandlingGUIElements" name="datePicker" time="0.419"/>
  <testcase classname="Auto1.HandlingGUIElements" name="datePicker2" time="0.359"/>
  <testcase classname="Auto1.HandlingGUIElements" name="datePicker3" time="0.328"/>
  <testcase classname="Auto1.HandlingGUIElements" name="subscribeToLink" time="0.318"/>
</testsuite> <!-- Parallel Tests1 -->
