<?xml version="1.0" encoding="UTF-8"?>
<testng-results ignored="0" total="14" passed="14" failed="0" skipped="0">
  <reporter-output>
  </reporter-output>
  <suite started-at="2025-04-11T16:20:08 IST" name="Default suite" finished-at="2025-04-11T16:20:22 IST" duration-ms="14430">
    <groups>
    </groups>
    <test started-at="2025-04-11T16:20:08 IST" name="Default test" finished-at="2025-04-11T16:20:22 IST" duration-ms="14430">
      <class name="Auto1.HandlingGUIElements">
        <test-method is-config="true" signature="setUp()[pri:0, instance:Auto1.HandlingGUIElements@292b08d6]" started-at="2025-04-11T16:20:08 IST" name="setUp" finished-at="2025-04-11T16:20:17 IST" duration-ms="8953" status="PASS">
          <reporter-output>
          </reporter-output>
        </test-method> <!-- setUp -->
        <test-method signature="inputNameHandling()[pri:1, instance:Auto1.HandlingGUIElements@292b08d6]" started-at="2025-04-11T16:20:17 IST" name="inputNameHandling" finished-at="2025-04-11T16:20:18 IST" duration-ms="742" status="PASS">
          <reporter-output>
          </reporter-output>
        </test-method> <!-- inputNameHandling -->
        <test-method signature="inputEmailHandling()[pri:2, instance:Auto1.HandlingGUIElements@292b08d6]" started-at="2025-04-11T16:20:18 IST" name="inputEmailHandling" finished-at="2025-04-11T16:20:18 IST" duration-ms="328" status="PASS">
          <reporter-output>
          </reporter-output>
        </test-method> <!-- inputEmailHandling -->
        <test-method signature="inputPhoneHandling()[pri:3, instance:Auto1.HandlingGUIElements@292b08d6]" started-at="2025-04-11T16:20:18 IST" name="inputPhoneHandling" finished-at="2025-04-11T16:20:18 IST" duration-ms="350" status="PASS">
          <reporter-output>
          </reporter-output>
        </test-method> <!-- inputPhoneHandling -->
        <test-method signature="inputTextHandling()[pri:4, instance:Auto1.HandlingGUIElements@292b08d6]" started-at="2025-04-11T16:20:18 IST" name="inputTextHandling" finished-at="2025-04-11T16:20:19 IST" duration-ms="401" status="PASS">
          <reporter-output>
          </reporter-output>
        </test-method> <!-- inputTextHandling -->
        <test-method signature="checkBoxMale()[pri:5, instance:Auto1.HandlingGUIElements@292b08d6]" started-at="2025-04-11T16:20:19 IST" name="checkBoxMale" finished-at="2025-04-11T16:20:19 IST" duration-ms="261" status="PASS">
          <reporter-output>
          </reporter-output>
        </test-method> <!-- checkBoxMale -->
        <test-method signature="days()[pri:6, instance:Auto1.HandlingGUIElements@292b08d6]" started-at="2025-04-11T16:20:19 IST" name="days" finished-at="2025-04-11T16:20:19 IST" duration-ms="137" status="PASS">
          <reporter-output>
          </reporter-output>
        </test-method> <!-- days -->
        <test-method signature="boxSelected()[pri:7, instance:Auto1.HandlingGUIElements@292b08d6]" started-at="2025-04-11T16:20:19 IST" name="boxSelected" finished-at="2025-04-11T16:20:20 IST" duration-ms="604" status="PASS">
          <reporter-output>
          </reporter-output>
        </test-method> <!-- boxSelected -->
        <test-method signature="countrySelected()[pri:8, instance:Auto1.HandlingGUIElements@292b08d6]" started-at="2025-04-11T16:20:20 IST" name="countrySelected" finished-at="2025-04-11T16:20:20 IST" duration-ms="232" status="PASS">
          <reporter-output>
          </reporter-output>
        </test-method> <!-- countrySelected -->
        <test-method signature="colorSelected()[pri:9, instance:Auto1.HandlingGUIElements@292b08d6]" started-at="2025-04-11T16:20:20 IST" name="colorSelected" finished-at="2025-04-11T16:20:21 IST" duration-ms="378" status="PASS">
          <reporter-output>
          </reporter-output>
        </test-method> <!-- colorSelected -->
        <test-method signature="sortedList()[pri:10, instance:Auto1.HandlingGUIElements@292b08d6]" started-at="2025-04-11T16:20:21 IST" name="sortedList" finished-at="2025-04-11T16:20:21 IST" duration-ms="282" status="PASS">
          <reporter-output>
          </reporter-output>
        </test-method> <!-- sortedList -->
        <test-method signature="datePicker()[pri:11, instance:Auto1.HandlingGUIElements@292b08d6]" started-at="2025-04-11T16:20:21 IST" name="datePicker" finished-at="2025-04-11T16:20:21 IST" duration-ms="395" status="PASS">
          <reporter-output>
          </reporter-output>
        </test-method> <!-- datePicker -->
        <test-method signature="datePicker2()[pri:12, instance:Auto1.HandlingGUIElements@292b08d6]" started-at="2025-04-11T16:20:21 IST" name="datePicker2" finished-at="2025-04-11T16:20:22 IST" duration-ms="523" status="PASS">
          <reporter-output>
          </reporter-output>
        </test-method> <!-- datePicker2 -->
        <test-method signature="datePicker3()[pri:13, instance:Auto1.HandlingGUIElements@292b08d6]" started-at="2025-04-11T16:20:22 IST" name="datePicker3" finished-at="2025-04-11T16:20:22 IST" duration-ms="364" status="PASS">
          <reporter-output>
          </reporter-output>
        </test-method> <!-- datePicker3 -->
        <test-method signature="subscribeToLink()[pri:14, instance:Auto1.HandlingGUIElements@292b08d6]" started-at="2025-04-11T16:20:22 IST" name="subscribeToLink" finished-at="2025-04-11T16:20:22 IST" duration-ms="210" status="PASS">
          <reporter-output>
          </reporter-output>
        </test-method> <!-- subscribeToLink -->
        <test-method is-config="true" signature="tearDown()[pri:0, instance:Auto1.HandlingGUIElements@292b08d6]" started-at="2025-04-11T16:20:22 IST" name="tearDown" finished-at="2025-04-11T16:20:22 IST" duration-ms="161" status="PASS">
          <reporter-output>
          </reporter-output>
        </test-method> <!-- tearDown -->
      </class> <!-- Auto1.HandlingGUIElements -->
    </test> <!-- Default test -->
  </suite> <!-- Default suite -->
</testng-results>
