<?xml version="1.0" encoding="UTF-8"?>
<testng-results ignored="0" total="4" passed="4" failed="0" skipped="0">
  <reporter-output>
  </reporter-output>
  <suite started-at="2025-01-13T14:01:58 IST" name="Default suite" finished-at="2025-01-13T14:02:13 IST" duration-ms="14872">
    <groups>
    </groups>
    <test started-at="2025-01-13T14:01:58 IST" name="Default test" finished-at="2025-01-13T14:02:13 IST" duration-ms="14872">
      <class name="Auto1.HandlingTabsandDynamicButton">
        <test-method is-config="true" signature="setUpUpload()[pri:0, instance:Auto1.HandlingTabsandDynamicButton@73a1e9a9]" started-at="2025-01-13T14:01:58 IST" name="setUpUpload" finished-at="2025-01-13T14:02:05 IST" duration-ms="7362" status="PASS">
          <reporter-output>
          </reporter-output>
        </test-method> <!-- setUpUpload -->
        <test-method signature="handleTab()[pri:0, instance:Auto1.HandlingTabsandDynamicButton@73a1e9a9]" started-at="2025-01-13T14:02:05 IST" name="handleTab" finished-at="2025-01-13T14:02:06 IST" duration-ms="507" status="PASS">
          <reporter-output>
          </reporter-output>
        </test-method> <!-- handleTab -->
        <test-method signature="accessToSearchResults()[pri:1, instance:Auto1.HandlingTabsandDynamicButton@73a1e9a9]" started-at="2025-01-13T14:02:06 IST" name="accessToSearchResults" finished-at="2025-01-13T14:02:11 IST" duration-ms="4623" status="PASS">
          <reporter-output>
          </reporter-output>
        </test-method> <!-- accessToSearchResults -->
        <test-method signature="handlingMore()[pri:2, instance:Auto1.HandlingTabsandDynamicButton@73a1e9a9]" started-at="2025-01-13T14:02:11 IST" name="handlingMore" finished-at="2025-01-13T14:02:12 IST" duration-ms="1590" status="PASS">
          <reporter-output>
          </reporter-output>
        </test-method> <!-- handlingMore -->
        <test-method signature="handleDynamicBtn()[pri:3, instance:Auto1.HandlingTabsandDynamicButton@73a1e9a9]" started-at="2025-01-13T14:02:12 IST" name="handleDynamicBtn" finished-at="2025-01-13T14:02:13 IST" duration-ms="565" status="PASS">
          <reporter-output>
          </reporter-output>
        </test-method> <!-- handleDynamicBtn -->
        <test-method is-config="true" signature="tearDown()[pri:0, instance:Auto1.HandlingTabsandDynamicButton@73a1e9a9]" started-at="2025-01-13T14:02:13 IST" name="tearDown" finished-at="2025-01-13T14:02:13 IST" duration-ms="178" status="PASS">
          <reporter-output>
          </reporter-output>
        </test-method> <!-- tearDown -->
      </class> <!-- Auto1.HandlingTabsandDynamicButton -->
    </test> <!-- Default test -->
  </suite> <!-- Default suite -->
</testng-results>
